<?xml version="1.0" encoding="UTF-8"?>
<!-- Generated by org.testng.reporters.JUnitReportReporter -->
<testsuite hostname="Laptop-PR-15" failures="0" tests="5" name="com.follo.enginerunner.EngineRunner" time="186.353" errors="0" timestamp="2022-04-06T16:29:17 IST" skipped="0">
  <testcase classname="com.follo.enginerunner.EngineRunner" name="runScenario" time="34.005"/>
  <system-out/>
  <testcase classname="com.follo.enginerunner.EngineRunner" name="runScenario" time="20.705"/>
  <system-out/>
  <testcase classname="com.follo.enginerunner.EngineRunner" name="runScenario" time="2.843"/>
  <system-out/>
  <testcase classname="com.follo.enginerunner.EngineRunner" name="runScenario" time="55.457"/>
  <system-out/>
  <testcase classname="com.follo.enginerunner.EngineRunner" name="runScenario" time="73.343"/>
  <system-out/>
</testsuite> <!-- com.follo.enginerunner.EngineRunner -->
