<?xml version="1.0" encoding="UTF-8"?>
<!-- Generated by org.testng.reporters.JUnitReportReporter -->
<testsuite hostname="Laptop-PR-15" failures="0" tests="15" name="com.follo.enginerunner.EngineRunner" time="632.204" errors="0" timestamp="2022-03-18T19:30:41 IST" skipped="0">
  <testcase classname="com.follo.enginerunner.EngineRunner" name="runScenario" time="20.130"/>
  <system-out/>
  <testcase classname="com.follo.enginerunner.EngineRunner" name="runScenario" time="28.683"/>
  <system-out/>
  <testcase classname="com.follo.enginerunner.EngineRunner" name="runScenario" time="7.352"/>
  <system-out/>
  <testcase classname="com.follo.enginerunner.EngineRunner" name="runScenario" time="24.590"/>
  <system-out/>
  <testcase classname="com.follo.enginerunner.EngineRunner" name="runScenario" time="13.158"/>
  <system-out/>
  <testcase classname="com.follo.enginerunner.EngineRunner" name="runScenario" time="25.801"/>
  <system-out/>
  <testcase classname="com.follo.enginerunner.EngineRunner" name="runScenario" time="24.268"/>
  <system-out/>
  <testcase classname="com.follo.enginerunner.EngineRunner" name="runScenario" time="142.834"/>
  <system-out/>
  <testcase classname="com.follo.enginerunner.EngineRunner" name="runScenario" time="48.427"/>
  <system-out/>
  <testcase classname="com.follo.enginerunner.EngineRunner" name="runScenario" time="68.700"/>
  <system-out/>
  <testcase classname="com.follo.enginerunner.EngineRunner" name="runScenario" time="9.843"/>
  <system-out/>
  <testcase classname="com.follo.enginerunner.EngineRunner" name="runScenario" time="170.337"/>
  <system-out/>
  <testcase classname="com.follo.enginerunner.EngineRunner" name="runScenario" time="27.871"/>
  <system-out/>
  <testcase classname="com.follo.enginerunner.EngineRunner" name="runScenario" time="8.382"/>
  <system-out/>
  <testcase classname="com.follo.enginerunner.EngineRunner" name="runScenario" time="11.828"/>
  <system-out/>
</testsuite> <!-- com.follo.enginerunner.EngineRunner -->
