<?xml version="1.0" encoding="UTF-8"?>
<!-- Generated by org.testng.reporters.JUnitReportReporter -->
<testsuite hostname="Laptop-PR-15" failures="0" tests="4" name="com.follo.enginerunner.EngineRunner" time="116.275" errors="0" timestamp="2022-03-22T20:40:39 IST" skipped="0">
  <testcase classname="com.follo.enginerunner.EngineRunner" name="runScenario" time="24.194"/>
  <system-out/>
  <testcase classname="com.follo.enginerunner.EngineRunner" name="runScenario" time="44.779"/>
  <system-out/>
  <testcase classname="com.follo.enginerunner.EngineRunner" name="runScenario" time="20.199"/>
  <system-out/>
  <testcase classname="com.follo.enginerunner.EngineRunner" name="runScenario" time="27.103"/>
  <system-out/>
</testsuite> <!-- com.follo.enginerunner.EngineRunner -->
